\BOOKMARK [0][]{chapter*.2}{\376\377\000L\000i\000s\000t\000a\000\040\000a\000c\000r\000o\000n\000i\000m\000e\000l\000o\000r}{}% 1
\BOOKMARK [0][]{chapter*.3}{\376\377\000I\000n\000t\000r\000o\000d\000u\000c\000e\000r\000e}{}% 2
\BOOKMARK [1][]{section.0.1}{\376\377\000C\000o\000n\000t\000e\000x\000t\000u\000l\000\040\000P\000r\000o\000i\000e\000c\000t\000u\000l\000u\000i}{chapter*.3}% 3
\BOOKMARK [1][]{section.0.2}{\376\377\000M\000o\000t\000i\000v\000a\002\033\000i\000a\000\040\002\031\000i\000\040\000O\000b\000i\000e\000c\000t\000i\000v\000e\000l\000e}{chapter*.3}% 4
\BOOKMARK [1][]{section.0.3}{\376\377\000M\000e\000t\000o\000d\000o\000l\000o\000g\000i\000a\000\040\002\031\000i\000\040\000c\000o\000n\000t\000r\000i\000b\000u\002\033\000i\000a\000\040\000p\000r\000o\000p\000r\000i\000e}{chapter*.3}% 5
\BOOKMARK [0][]{chapter.1}{\376\377\000F\000u\000n\000d\000a\000m\000e\000n\000t\000e\000\040\000t\000e\000o\000r\000e\000t\000i\000c\000e\000\040\002\031\000i\000\040\000t\000e\000h\000n\000o\000l\000o\000g\000i\000i\000\040\000u\000t\000i\000l\000i\000z\000a\000t\000e}{}% 6
\BOOKMARK [1][]{section.1.1}{\376\377\000S\000i\000s\000t\000e\000m\000e\000\040\000d\000e\000\040\000n\000a\000v\000i\000g\000a\000r\000e\000\040\002\031\000i\000\040\000h\001\003\000r\002\033\000i\000\040\000d\000i\000g\000i\000t\000a\000l\000e}{chapter.1}% 7
\BOOKMARK [2][]{subsection.1.1.1}{\376\377\000R\000e\000p\000r\000e\000z\000e\000n\000t\000a\000r\000e\000a\000\040\000h\001\003\000r\002\033\000i\000l\000o\000r\000\040\000p\000r\000i\000n\000\040\000d\000a\000l\000e\000\040\000\050\000t\000i\000l\000e\000s\000\051}{section.1.1}% 8
\BOOKMARK [1][]{section.1.2}{\376\377\000N\000a\000v\000i\000g\000a\000r\000e\000a\000\040\000e\000x\000t\000e\000r\000i\000o\000a\000r\001\003\000\040\002\031\000i\000\040\000n\000a\000v\000i\000g\000a\000r\000e\000a\000\040\000i\000n\000t\000e\000r\000i\000o\000a\000r\001\003}{chapter.1}% 9
\BOOKMARK [2][]{subsection.1.2.1}{\376\377\000N\000a\000v\000i\000g\000a\000r\000e\000a\000\040\000e\000x\000t\000e\000r\000i\000o\000a\000r\001\003}{section.1.2}% 10
\BOOKMARK [2][]{subsection.1.2.2}{\376\377\000N\000a\000v\000i\000g\000a\000r\000e\000a\000\040\000i\000n\000t\000e\000r\000i\000o\000a\000r\001\003}{section.1.2}% 11
\BOOKMARK [2][]{subsection.1.2.3}{\376\377\000I\000n\000t\000e\000g\000r\000a\000r\000e\000a\000\040\000c\000e\000l\000o\000r\000\040\000d\000o\000u\001\003\000\040\000n\000i\000v\000e\000l\000u\000r\000i}{section.1.2}% 12
\BOOKMARK [1][]{section.1.3}{\376\377\000D\000a\000t\000e\000\040\000g\000e\000o\000s\000p\000a\002\033\000i\000a\000l\000e\000\040\002\031\000i\000\040\000m\000o\000d\000e\000l\000a\000r\000e\000a\000\040\000i\000n\000f\000o\000r\000m\000a\002\033\000i\000e\000i\000\040\000g\000e\000o\000g\000r\000a\000f\000i\000c\000e}{chapter.1}% 13
\BOOKMARK [2][]{subsection.1.3.1}{\376\377\000S\000i\000s\000t\000e\000m\000e\000\040\000d\000e\000\040\000c\000o\000o\000r\000d\000o\000n\000a\000t\000e\000\040\002\031\000i\000\040\000s\000i\000s\000t\000e\000m\000e\000\040\000d\000e\000\040\000r\000e\000f\000e\000r\000i\000n\002\033\001\003\000\040\000s\000p\000a\002\033\000i\000a\000l\001\003}{section.1.3}% 14
\BOOKMARK [2][]{subsection.1.3.2}{\376\377\000R\000e\000p\000r\000e\000z\000e\000n\000t\000a\000r\000e\000a\000\040\000g\000e\000o\000m\000e\000t\000r\000i\000i\000l\000o\000r\000:\000\040\000W\000K\000T\000\040\002\031\000i\000\040\000W\000K\000B}{section.1.3}% 15
\BOOKMARK [2][]{subsection.1.3.3}{\376\377\000O\000p\000e\000n\000S\000t\000r\000e\000e\000t\000M\000a\000p\000\040\000c\000a\000\040\000s\000u\000r\000s\001\003\000\040\000d\000e\000\040\000d\000a\000t\000e}{section.1.3}% 16
\BOOKMARK [1][]{section.1.4}{\376\377\000A\000r\000h\000i\000t\000e\000c\000t\000u\000r\000i\000\040\000d\000e\000\040\000a\000p\000l\000i\000c\000a\002\033\000i\000i\000\040\000w\000e\000b}{chapter.1}% 17
\BOOKMARK [2][]{subsection.1.4.1}{\376\377\000S\000e\000p\000a\000r\000a\000r\000e\000a\000\040\000f\000r\000o\000n\000t\000e\000n\000d\040\023\000b\000a\000c\000k\000e\000n\000d}{section.1.4}% 18
\BOOKMARK [2][]{subsection.1.4.2}{\376\377\000S\000e\000r\000v\000i\000c\000i\000i\000\040\000R\000E\000S\000T\000\040\002\031\000i\000\040\000f\000o\000r\000m\000a\000t\000u\000l\000\040\000J\000S\000O\000N}{section.1.4}% 19
\BOOKMARK [1][]{section.1.5}{\376\377\000T\000e\000h\000n\000o\000l\000o\000g\000i\000i\000\040\000u\000t\000i\000l\000i\000z\000a\000t\000e\000\040\000\356\000n\000\040\000i\000m\000p\000l\000e\000m\000e\000n\000t\000a\000r\000e}{chapter.1}% 20
\BOOKMARK [2][]{subsection.1.5.1}{\376\377\000S\000p\000r\000i\000n\000g\000\040\000B\000o\000o\000t\000\040\000p\000e\000n\000t\000r\000u\000\040\000b\000a\000c\000k\000e\000n\000d}{section.1.5}% 21
\BOOKMARK [2][]{subsection.1.5.2}{\376\377\000L\000e\000a\000f\000l\000e\000t\000\040\002\031\000i\000\040\000J\000a\000v\000a\000S\000c\000r\000i\000p\000t\000\040\000p\000e\000n\000t\000r\000u\000\040\000f\000r\000o\000n\000t\000e\000n\000d}{section.1.5}% 22
\BOOKMARK [2][]{subsection.1.5.3}{\376\377\000O\000r\000g\000a\000n\000i\000z\000a\000r\000e\000a\000\040\000d\000a\000t\000e\000l\000o\000r\000\040\002\031\000i\000\040\000e\000x\000t\000e\000n\000s\000i\000b\000i\000l\000i\000t\000a\000t\000e\000a}{section.1.5}% 23
\BOOKMARK [1][]{section.1.6}{\376\377\000C\000o\000n\000c\000l\000u\000z\000i\000i\000l\000e\000\040\000c\000a\000p\000i\000t\000o\000l\000u\000l\000u\000i}{chapter.1}% 24
